WARNING:root:ZJYL: index page 503
WARNING:root:CUB: index page 503
WARNING:root:RAPP: index page 503
WARNING:root:BOW: index page 503
WARNING:root:YYGH: index page 503
WARNING:root:ULS: index page 503
WARNING:root:PACS: index page 503
WARNING:root:MNDR: index page 503
WARNING:root:CTNM: index page 503
WARNING:root:MAMO: index page 503
WARNING:root:ZBAO: index page 503
WARNING:root:MMA: index page 503
WARNING:root:AUNA: index page 503
WARNING:root:LOBO: index page 503
WARNING:root:RDDT: index page 503
WARNING:root:ALAB: index page 503
WARNING:root:INTJ: index page 503
WARNING:root:RYDE: index page 503
WARNING:root:LGCL: index page 503
WARNING:root:UMAC: index page 503
WARNING:root:PMNT: index page 503
WARNING:root:GUTS: index page 503
WARNING:root:FBLG: index page 503
WARNING:root:AVBP: index page 503
WARNING:root:CGON: index page 503
WARNING:root:SUGP: index page 503
WARNING:root:KSPI: index page 503
WARNING:root:CCTG: index page 503
WARNING:root:SYNX: index page 503
WARNING:root:SDHC: index page 503
WARNING:root:ROMA: index page 503
WARNING:root:SCPQ: index page 503
WARNING:root:BEBE: index page 503
WARNING:root:KBON: index page 503
WARNING:root:LMRI: index page 503
WARNING:root:JMG: index page 503
WARNING:root:RGNT: index page 503
WARNING:root:SBXE: index page 503
