WARNING:root:ZJYL: HTML file not found
WARNING:root:CUB: HTML file not found
WARNING:root:RAPP: HTML file not found
WARNING:root:BOW: HTML file not found
WARNING:root:YYGH: HTML file not found
WARNING:root:ULS: HTML file not found
WARNING:root:PACS: HTML file not found
WARNING:root:MNDR: HTML file not found
WARNING:root:CTNM: HTML file not found
WARNING:root:MAMO: HTML file not found
WARNING:root:ZBAO: HTML file not found
WARNING:root:MMA: HTML file not found
WARNING:root:AUNA: HTML file not found
WARNING:root:LOBO: HTML file not found
WARNING:root:RDDT: HTML file not found
WARNING:root:ALAB: HTML file not found
WARNING:root:INTJ: HTML file not found
WARNING:root:RYDE: HTML file not found
WARNING:root:LGCL: HTML file not found
WARNING:root:UMAC: HTML file not found
WARNING:root:PMNT: HTML file not found
WARNING:root:GUTS: HTML file not found
WARNING:root:FBLG: HTML file not found
WARNING:root:AVBP: HTML file not found
WARNING:root:CGON: HTML file not found
WARNING:root:SUGP: HTML file not found
WARNING:root:KSPI: HTML file not found
WARNING:root:CCTG: HTML file not found
WARNING:root:SYNX: HTML file not found
WARNING:root:SDHC: HTML file not found
WARNING:root:ROMA: HTML file not found
WARNING:root:SCPQ: HTML file not found
WARNING:root:BEBE: HTML file not found
WARNING:root:KBON: HTML file not found
WARNING:root:LMRI: HTML file not found
WARNING:root:JMG: HTML file not found
WARNING:root:RGNT: HTML file not found
WARNING:root:SBXE: HTML file not found
WARNING:root:SPT: HTML file not found
WARNING:root:DT: HTML file not found
WARNING:root:WNW: HTML file not found
WARNING:root:SLQT: HTML file not found
WARNING:root:KROS: HTML file not found
WARNING:root:LIANY: HTML file not found
WARNING:root:AIRS: HTML file not found
WARNING:root:FLNC: HTML file not found
WARNING:root:GFS: HTML file not found
WARNING:root:MRAI: HTML file not found
WARNING:root:VTYX: HTML file not found
WARNING:root:CNTX: HTML file not found
WARNING:root:IHS: HTML file not found
WARNING:root:HCTI: HTML file not found
WARNING:root:LTH: HTML file not found
WARNING:root:FWRG: HTML file not found
WARNING:root:PYXS: HTML file not found
WARNING:root:AMPL: HTML file not found
WARNING:root:CWAN: HTML file not found
WARNING:root:RELY: HTML file not found
WARNING:root:ACT: HTML file not found
WARNING:root:DH: HTML file not found
WARNING:root:ONON: HTML file not found
WARNING:root:SRAD: HTML file not found
WARNING:root:IVVD: HTML file not found
WARNING:root:INAB: HTML file not found
WARNING:root:SOPH: HTML file not found
WARNING:root:LENZ: HTML file not found
WARNING:root:BON: HTML file not found
WARNING:root:GIW: HTML file not found
WARNING:root:DBGI: HTML file not found
WARNING:root:PRVA: HTML file not found
WARNING:root:AGL: HTML file not found
WARNING:root:APP: HTML file not found
WARNING:root:TDUP: HTML file not found
WARNING:root:SEMR: HTML file not found
WARNING:root:CRBG: HTML file not found
WARNING:root:EDBL: HTML file not found
WARNING:root:ACON: HTML file not found
WARNING:root:DRCT: HTML file not found
WARNING:root:PMEC: HTML file not found
WARNING:root:HKIT: HTML file not found
WARNING:root:GELS: HTML file not found
WARNING:root:PC: HTML file not found
WARNING:root:IBO: HTML file not found
WARNING:root:BOW: HTML file not found
WARNING:root:NCI: HTML file not found
WARNING:root:ULS: HTML file not found
WARNING:root:PACS: HTML file not found
WARNING:root:BEBE: HTML file not found
WARNING:root:VHCP: HTML file not found
WARNING:root:KBON: HTML file not found
WARNING:root:SBXE: HTML file not found
WARNING:root:CEPV: HTML file not found
WARNING:root:DYOR: HTML file not found
WARNING:root:APXT: HTML file not found
WARNING:root:GIW: HTML file not found
WARNING:root:FIGR: HTML file not found
WARNING:root:FCHL: HTML file not found
WARNING:root:THH: HTML file not found
WARNING:root:MIAX: HTML file not found
WARNING:root:HVMC: HTML file not found
WARNING:root:AHL: HTML file not found
